# JRE version: OpenJDK Runtime Environment (8.0_292-b10) (build 1.8.0_292-b10)
# Java VM: OpenJDK 64-Bit Server VM (25.292-b10 mixed mode windows-amd64 compressed oops)
Heap:
 PSYoungGen      total 205312K, used 190038K [0x0000000780900000, 0x0000000794500000, 0x00000007c0000000)
  eden space 194560K, 97% used [0x0000000780900000,0x000000078c295b30,0x000000078c700000)
  from space 10752K, 0% used [0x000000078c700000,0x000000078c700000,0x000000078d180000)
  to   space 13312K, 0% used [0x0000000793800000,0x0000000793800000,0x0000000794500000)
 ParOldGen       total 109568K, used 18698K [0x0000000701a00000, 0x0000000708500000, 0x0000000780900000)
  object space 109568K, 17% used [0x0000000701a00000,0x0000000702c42b78,0x0000000708500000)
 Metaspace       used 47812K, capacity 51064K, committed 51456K, reserved 1093632K
  class space    used 6720K, capacity 7300K, committed 7424K, reserved 1048576K
GC Heap History (10 events):
Event: 8.692 GC heap before
{Heap before GC invocations=5 (full 0):
 PSYoungGen      total 106496K, used 51110K [0x0000000780900000, 0x0000000787900000, 0x00000007c0000000)
  eden space 98304K, 43% used [0x0000000780900000,0x00000007832ee810,0x0000000786900000)
  from space 8192K, 99% used [0x0000000787100000,0x00000007878fb348,0x0000000787900000)
  to   space 8192K, 0% used [0x0000000786900000,0x0000000786900000,0x0000000787100000)
 ParOldGen       total 131072K, used 434K [0x0000000701a00000, 0x0000000709a00000, 0x0000000780900000)
  object space 131072K, 0% used [0x0000000701a00000,0x0000000701a6c8a8,0x0000000709a00000)
 Metaspace       used 20240K, capacity 21232K, committed 21296K, reserved 1067008K
  class space    used 2659K, capacity 2899K, committed 2944K, reserved 1048576K
Event: 8.703 GC heap after
Heap after GC invocations=5 (full 0):
 PSYoungGen      total 106496K, used 7764K [0x0000000780900000, 0x000000078dd00000, 0x00000007c0000000)
  eden space 98304K, 0% used [0x0000000780900000,0x0000000780900000,0x0000000786900000)
  from space 8192K, 94% used [0x0000000786900000,0x00000007870952a8,0x0000000787100000)
  to   space 10240K, 0% used [0x000000078d300000,0x000000078d300000,0x000000078dd00000)
 ParOldGen       total 131072K, used 442K [0x0000000701a00000, 0x0000000709a00000, 0x0000000780900000)
  object space 131072K, 0% used [0x0000000701a00000,0x0000000701a6e8a8,0x0000000709a00000)
 Metaspace       used 20240K, capacity 21232K, committed 21296K, reserved 1067008K
  class space    used 2659K, capacity 2899K, committed 2944K, reserved 1048576K
}
Event: 8.703 GC heap before
{Heap before GC invocations=6 (full 1):
 PSYoungGen      total 106496K, used 7764K [0x0000000780900000, 0x000000078dd00000, 0x00000007c0000000)
  eden space 98304K, 0% used [0x0000000780900000,0x0000000780900000,0x0000000786900000)
  from space 8192K, 94% used [0x0000000786900000,0x00000007870952a8,0x0000000787100000)
  to   space 10240K, 0% used [0x000000078d300000,0x000000078d300000,0x000000078dd00000)
 ParOldGen       total 131072K, used 442K [0x0000000701a00000, 0x0000000709a00000, 0x0000000780900000)
  object space 131072K, 0% used [0x0000000701a00000,0x0000000701a6e8a8,0x0000000709a00000)
 Metaspace       used 20240K, capacity 21232K, committed 21296K, reserved 1067008K
  class space    used 2659K, capacity 2899K, committed 2944K, reserved 1048576K
Event: 8.759 GC heap after
Heap after GC invocations=6 (full 1):
 PSYoungGen      total 106496K, used 0K [0x0000000780900000, 0x000000078dd00000, 0x00000007c0000000)
  eden space 98304K, 0% used [0x0000000780900000,0x0000000780900000,0x0000000786900000)
  from space 8192K, 0% used [0x0000000786900000,0x0000000786900000,0x0000000787100000)
  to   space 10240K, 0% used [0x000000078d300000,0x000000078d300000,0x000000078dd00000)
 ParOldGen       total 68608K, used 7617K [0x0000000701a00000, 0x0000000705d00000, 0x0000000780900000)
  object space 68608K, 11% used [0x0000000701a00000,0x00000007021706a0,0x0000000705d00000)
 Metaspace       used 20240K, capacity 21232K, committed 21296K, reserved 1067008K
  class space    used 2659K, capacity 2899K, committed 2944K, reserved 1048576K
}
Event: 10.741 GC heap before
{Heap before GC invocations=7 (full 1):
 PSYoungGen      total 106496K, used 98304K [0x0000000780900000, 0x000000078dd00000, 0x00000007c0000000)
  eden space 98304K, 100% used [0x0000000780900000,0x0000000786900000,0x0000000786900000)
  from space 8192K, 0% used [0x0000000786900000,0x0000000786900000,0x0000000787100000)
  to   space 10240K, 0% used [0x000000078d300000,0x000000078d300000,0x000000078dd00000)
 ParOldGen       total 68608K, used 7617K [0x0000000701a00000, 0x0000000705d00000, 0x0000000780900000)
  object space 68608K, 11% used [0x0000000701a00000,0x00000007021706a0,0x0000000705d00000)
 Metaspace       used 25436K, capacity 27376K, committed 27520K, reserved 1073152K
  class space    used 3528K, capacity 3902K, committed 3968K, reserved 1048576K
Event: 10.760 GC heap after
Heap after GC invocations=7 (full 1):
 PSYoungGen      total 181248K, used 9086K [0x0000000780900000, 0x000000078dc00000, 0x00000007c0000000)
  eden space 172032K, 0% used [0x0000000780900000,0x0000000780900000,0x000000078b100000)
  from space 9216K, 98% used [0x000000078d300000,0x000000078dbdf9a0,0x000000078dc00000)
  to   space 10752K, 0% used [0x000000078c700000,0x000000078c700000,0x000000078d180000)
 ParOldGen       total 68608K, used 7625K [0x0000000701a00000, 0x0000000705d00000, 0x0000000780900000)
  object space 68608K, 11% used [0x0000000701a00000,0x00000007021726a0,0x0000000705d00000)
 Metaspace       used 25436K, capacity 27376K, committed 27520K, reserved 1073152K
  class space    used 3528K, capacity 3902K, committed 3968K, reserved 1048576K
}
Event: 12.639 GC heap before
{Heap before GC invocations=8 (full 1):
 PSYoungGen      total 181248K, used 181118K [0x0000000780900000, 0x000000078dc00000, 0x00000007c0000000)
  eden space 172032K, 100% used [0x0000000780900000,0x000000078b100000,0x000000078b100000)
  from space 9216K, 98% used [0x000000078d300000,0x000000078dbdf9a0,0x000000078dc00000)
  to   space 10752K, 0% used [0x000000078c700000,0x000000078c700000,0x000000078d180000)
 ParOldGen       total 68608K, used 7625K [0x0000000701a00000, 0x0000000705d00000, 0x0000000780900000)
  object space 68608K, 11% used [0x0000000701a00000,0x00000007021726a0,0x0000000705d00000)
 Metaspace       used 33148K, capacity 35388K, committed 35496K, reserved 1079296K
  class space    used 4650K, capacity 5060K, committed 5120K, reserved 1048576K
Event: 12.661 GC heap after
Heap after GC invocations=8 (full 1):
 PSYoungGen      total 205312K, used 10740K [0x0000000780900000, 0x0000000794500000, 0x00000007c0000000)
  eden space 194560K, 0% used [0x0000000780900000,0x0000000780900000,0x000000078c700000)
  from space 10752K, 99% used [0x000000078c700000,0x000000078d17d090,0x000000078d180000)
  to   space 13312K, 0% used [0x0000000793800000,0x0000000793800000,0x0000000794500000)
 ParOldGen       total 68608K, used 10220K [0x0000000701a00000, 0x0000000705d00000, 0x0000000780900000)
  object space 68608K, 14% used [0x0000000701a00000,0x00000007023fb390,0x0000000705d00000)
 Metaspace       used 33148K, capacity 35388K, committed 35496K, reserved 1079296K
  class space    used 4650K, capacity 5060K, committed 5120K, reserved 1048576K
}
Event: 12.661 GC heap before
{Heap before GC invocations=9 (full 2):
 PSYoungGen      total 205312K, used 10740K [0x0000000780900000, 0x0000000794500000, 0x00000007c0000000)
  eden space 194560K, 0% used [0x0000000780900000,0x0000000780900000,0x000000078c700000)
  from space 10752K, 99% used [0x000000078c700000,0x000000078d17d090,0x000000078d180000)
  to   space 13312K, 0% used [0x0000000793800000,0x0000000793800000,0x0000000794500000)
 ParOldGen       total 68608K, used 10220K [0x0000000701a00000, 0x0000000705d00000, 0x0000000780900000)
  object space 68608K, 14% used [0x0000000701a00000,0x00000007023fb390,0x0000000705d00000)
 Metaspace       used 33148K, capacity 35388K, committed 35496K, reserved 1079296K
  class space    used 4650K, capacity 5060K, committed 5120K, reserved 1048576K
Event: 12.755 GC heap after
Heap after GC invocations=9 (full 2):
 PSYoungGen      total 205312K, used 0K [0x0000000780900000, 0x0000000794500000, 0x00000007c0000000)
  eden space 194560K, 0% used [0x0000000780900000,0x0000000780900000,0x000000078c700000)
  from space 10752K, 0% used [0x000000078c700000,0x000000078c700000,0x000000078d180000)
  to   space 13312K, 0% used [0x0000000793800000,0x0000000793800000,0x0000000794500000)
 ParOldGen       total 109568K, used 18698K [0x0000000701a00000, 0x0000000708500000, 0x0000000780900000)
  object space 109568K, 17% used [0x0000000701a00000,0x0000000702c42b78,0x0000000708500000)
 Metaspace       used 33148K, capacity 35388K, committed 35496K, reserved 1079296K
  class space    used 4650K, capacity 5060K, committed 5120K, reserved 1048576K
}

